INFO: [VRFC 10-2263] Analyzing Verilog file "C:/Users/magrini/Documents/red_pitaya_notes/template1/template1.sim/sim_1/synth/timing/xsim/system_wrapper_time_synth.v" into library xil_defaultlib
INFO: [VRFC 10-311] analyzing module GPIO_Core
INFO: [VRFC 10-311] analyzing module GPIO_Core_83
INFO: [VRFC 10-311] analyzing module GPIO_Core_89
INFO: [VRFC 10-311] analyzing module adc_imp_ZPM671
INFO: [VRFC 10-311] analyzing module address_decoder
INFO: [VRFC 10-311] analyzing module address_decoder_87
INFO: [VRFC 10-311] analyzing module address_decoder_93
INFO: [VRFC 10-311] analyzing module axi_crossbar_v2_1_32_addr_arbiter
INFO: [VRFC 10-311] analyzing module axi_crossbar_v2_1_32_addr_arbiter_50
INFO: [VRFC 10-311] analyzing module axi_crossbar_v2_1_32_arbiter_resp
INFO: [VRFC 10-311] analyzing module axi_crossbar_v2_1_32_arbiter_resp_63
INFO: [VRFC 10-311] analyzing module axi_crossbar_v2_1_32_axi_crossbar
INFO: [VRFC 10-311] analyzing module axi_crossbar_v2_1_32_crossbar
INFO: [VRFC 10-311] analyzing module axi_crossbar_v2_1_32_decerr_slave
INFO: [VRFC 10-311] analyzing module axi_crossbar_v2_1_32_si_transactor
INFO: [VRFC 10-311] analyzing module axi_crossbar_v2_1_32_si_transactor__parameterized0
INFO: [VRFC 10-311] analyzing module axi_crossbar_v2_1_32_splitter
INFO: [VRFC 10-311] analyzing module axi_crossbar_v2_1_32_splitter_59
INFO: [VRFC 10-311] analyzing module axi_crossbar_v2_1_32_wdata_router
INFO: [VRFC 10-311] analyzing module axi_data_fifo_v2_1_30_axic_reg_srl_fifo
INFO: [VRFC 10-311] analyzing module axi_data_fifo_v2_1_30_ndeep_srl__parameterized0
INFO: [VRFC 10-311] analyzing module axi_data_fifo_v2_1_30_ndeep_srl__parameterized0_60
INFO: [VRFC 10-311] analyzing module axi_data_fifo_v2_1_30_ndeep_srl__parameterized0_61
INFO: [VRFC 10-311] analyzing module axi_data_fifo_v2_1_30_ndeep_srl__parameterized0_62
INFO: [VRFC 10-311] analyzing module axi_gpio
INFO: [VRFC 10-311] analyzing module axi_gpio__1
INFO: [VRFC 10-311] analyzing module axi_gpio__2
INFO: [VRFC 10-311] analyzing module axi_lite_ipif
INFO: [VRFC 10-311] analyzing module axi_lite_ipif_82
INFO: [VRFC 10-311] analyzing module axi_lite_ipif_88
INFO: [VRFC 10-311] analyzing module axi_protocol_converter_v2_1_31_axi_protocol_converter
INFO: [VRFC 10-311] analyzing module axi_protocol_converter_v2_1_31_axi_protocol_converter_27
INFO: [VRFC 10-311] analyzing module axi_protocol_converter_v2_1_31_axi_protocol_converter_4
INFO: [VRFC 10-311] analyzing module axi_protocol_converter_v2_1_31_b2s
INFO: [VRFC 10-311] analyzing module axi_protocol_converter_v2_1_31_b2s_28
INFO: [VRFC 10-311] analyzing module axi_protocol_converter_v2_1_31_b2s_5
INFO: [VRFC 10-311] analyzing module axi_protocol_converter_v2_1_31_b2s_ar_channel
INFO: [VRFC 10-311] analyzing module axi_protocol_converter_v2_1_31_b2s_ar_channel_29
INFO: [VRFC 10-311] analyzing module axi_protocol_converter_v2_1_31_b2s_ar_channel_6
INFO: [VRFC 10-311] analyzing module axi_protocol_converter_v2_1_31_b2s_aw_channel
INFO: [VRFC 10-311] analyzing module axi_protocol_converter_v2_1_31_b2s_aw_channel_32
INFO: [VRFC 10-311] analyzing module axi_protocol_converter_v2_1_31_b2s_aw_channel_9
INFO: [VRFC 10-311] analyzing module axi_protocol_converter_v2_1_31_b2s_b_channel
INFO: [VRFC 10-311] analyzing module axi_protocol_converter_v2_1_31_b2s_b_channel_10
INFO: [VRFC 10-311] analyzing module axi_protocol_converter_v2_1_31_b2s_b_channel_33
INFO: [VRFC 10-311] analyzing module axi_protocol_converter_v2_1_31_b2s_cmd_translator
INFO: [VRFC 10-311] analyzing module axi_protocol_converter_v2_1_31_b2s_cmd_translator_1
INFO: [VRFC 10-311] analyzing module axi_protocol_converter_v2_1_31_b2s_cmd_translator_14
INFO: [VRFC 10-311] analyzing module axi_protocol_converter_v2_1_31_b2s_cmd_translator_24
INFO: [VRFC 10-311] analyzing module axi_protocol_converter_v2_1_31_b2s_cmd_translator_37
INFO: [VRFC 10-311] analyzing module axi_protocol_converter_v2_1_31_b2s_cmd_translator_47
INFO: [VRFC 10-311] analyzing module axi_protocol_converter_v2_1_31_b2s_incr_cmd
INFO: [VRFC 10-311] analyzing module axi_protocol_converter_v2_1_31_b2s_incr_cmd_15
INFO: [VRFC 10-311] analyzing module axi_protocol_converter_v2_1_31_b2s_incr_cmd_2
INFO: [VRFC 10-311] analyzing module axi_protocol_converter_v2_1_31_b2s_incr_cmd_25
INFO: [VRFC 10-311] analyzing module axi_protocol_converter_v2_1_31_b2s_incr_cmd_38
INFO: [VRFC 10-311] analyzing module axi_protocol_converter_v2_1_31_b2s_incr_cmd_48
INFO: [VRFC 10-311] analyzing module axi_protocol_converter_v2_1_31_b2s_r_channel
INFO: [VRFC 10-311] analyzing module axi_protocol_converter_v2_1_31_b2s_r_channel_30
INFO: [VRFC 10-311] analyzing module axi_protocol_converter_v2_1_31_b2s_r_channel_7
INFO: [VRFC 10-311] analyzing module axi_protocol_converter_v2_1_31_b2s_rd_cmd_fsm
INFO: [VRFC 10-311] analyzing module axi_protocol_converter_v2_1_31_b2s_rd_cmd_fsm_23
INFO: [VRFC 10-311] analyzing module axi_protocol_converter_v2_1_31_b2s_rd_cmd_fsm_46
INFO: [VRFC 10-311] analyzing module axi_protocol_converter_v2_1_31_b2s_simple_fifo
INFO: [VRFC 10-311] analyzing module axi_protocol_converter_v2_1_31_b2s_simple_fifo_11
INFO: [VRFC 10-311] analyzing module axi_protocol_converter_v2_1_31_b2s_simple_fifo_34
INFO: [VRFC 10-311] analyzing module axi_protocol_converter_v2_1_31_b2s_simple_fifo__parameterized0
INFO: [VRFC 10-311] analyzing module axi_protocol_converter_v2_1_31_b2s_simple_fifo__parameterized0_12
INFO: [VRFC 10-311] analyzing module axi_protocol_converter_v2_1_31_b2s_simple_fifo__parameterized0_35
INFO: [VRFC 10-311] analyzing module axi_protocol_converter_v2_1_31_b2s_simple_fifo__parameterized1
INFO: [VRFC 10-311] analyzing module axi_protocol_converter_v2_1_31_b2s_simple_fifo__parameterized1_21
INFO: [VRFC 10-311] analyzing module axi_protocol_converter_v2_1_31_b2s_simple_fifo__parameterized1_44
INFO: [VRFC 10-311] analyzing module axi_protocol_converter_v2_1_31_b2s_simple_fifo__parameterized2
INFO: [VRFC 10-311] analyzing module axi_protocol_converter_v2_1_31_b2s_simple_fifo__parameterized2_22
INFO: [VRFC 10-311] analyzing module axi_protocol_converter_v2_1_31_b2s_simple_fifo__parameterized2_45
INFO: [VRFC 10-311] analyzing module axi_protocol_converter_v2_1_31_b2s_wr_cmd_fsm
INFO: [VRFC 10-311] analyzing module axi_protocol_converter_v2_1_31_b2s_wr_cmd_fsm_13
INFO: [VRFC 10-311] analyzing module axi_protocol_converter_v2_1_31_b2s_wr_cmd_fsm_36
INFO: [VRFC 10-311] analyzing module axi_protocol_converter_v2_1_31_b2s_wrap_cmd
INFO: [VRFC 10-311] analyzing module axi_protocol_converter_v2_1_31_b2s_wrap_cmd_16
INFO: [VRFC 10-311] analyzing module axi_protocol_converter_v2_1_31_b2s_wrap_cmd_26
INFO: [VRFC 10-311] analyzing module axi_protocol_converter_v2_1_31_b2s_wrap_cmd_3
INFO: [VRFC 10-311] analyzing module axi_protocol_converter_v2_1_31_b2s_wrap_cmd_39
INFO: [VRFC 10-311] analyzing module axi_protocol_converter_v2_1_31_b2s_wrap_cmd_49
INFO: [VRFC 10-311] analyzing module axi_register_slice_v2_1_31_axi_register_slice
INFO: [VRFC 10-311] analyzing module axi_register_slice_v2_1_31_axi_register_slice_31
INFO: [VRFC 10-311] analyzing module axi_register_slice_v2_1_31_axi_register_slice_8
INFO: [VRFC 10-311] analyzing module axi_register_slice_v2_1_31_axi_register_slice__parameterized1
INFO: [VRFC 10-311] analyzing module axi_register_slice_v2_1_31_axi_register_slice__parameterized1_51
INFO: [VRFC 10-311] analyzing module axi_register_slice_v2_1_31_axi_register_slice__parameterized1_52
INFO: [VRFC 10-311] analyzing module axi_register_slice_v2_1_31_axi_register_slice__parameterized1_53
INFO: [VRFC 10-311] analyzing module axi_register_slice_v2_1_31_axi_register_slice__parameterized1_54
INFO: [VRFC 10-311] analyzing module axi_register_slice_v2_1_31_axi_register_slice__parameterized1_55
INFO: [VRFC 10-311] analyzing module axi_register_slice_v2_1_31_axi_register_slice__parameterized1_56
INFO: [VRFC 10-311] analyzing module axi_register_slice_v2_1_31_axi_register_slice__parameterized1_57
INFO: [VRFC 10-311] analyzing module axi_register_slice_v2_1_31_axi_register_slice__parameterized1_58
INFO: [VRFC 10-311] analyzing module axi_register_slice_v2_1_31_axic_register_slice
INFO: [VRFC 10-311] analyzing module axi_register_slice_v2_1_31_axic_register_slice_0
INFO: [VRFC 10-311] analyzing module axi_register_slice_v2_1_31_axic_register_slice_17
INFO: [VRFC 10-311] analyzing module axi_register_slice_v2_1_31_axic_register_slice_18
INFO: [VRFC 10-311] analyzing module axi_register_slice_v2_1_31_axic_register_slice_40
INFO: [VRFC 10-311] analyzing module axi_register_slice_v2_1_31_axic_register_slice_41
INFO: [VRFC 10-311] analyzing module axi_register_slice_v2_1_31_axic_register_slice__parameterized1
INFO: [VRFC 10-311] analyzing module axi_register_slice_v2_1_31_axic_register_slice__parameterized1_19
INFO: [VRFC 10-311] analyzing module axi_register_slice_v2_1_31_axic_register_slice__parameterized1_42
INFO: [VRFC 10-311] analyzing module axi_register_slice_v2_1_31_axic_register_slice__parameterized2
INFO: [VRFC 10-311] analyzing module axi_register_slice_v2_1_31_axic_register_slice__parameterized2_20
INFO: [VRFC 10-311] analyzing module axi_register_slice_v2_1_31_axic_register_slice__parameterized2_43
INFO: [VRFC 10-311] analyzing module axi_register_slice_v2_1_31_axic_register_slice__parameterized2_64
INFO: [VRFC 10-311] analyzing module axi_register_slice_v2_1_31_axic_register_slice__parameterized2_66
INFO: [VRFC 10-311] analyzing module axi_register_slice_v2_1_31_axic_register_slice__parameterized2_68
INFO: [VRFC 10-311] analyzing module axi_register_slice_v2_1_31_axic_register_slice__parameterized2_70
INFO: [VRFC 10-311] analyzing module axi_register_slice_v2_1_31_axic_register_slice__parameterized2_72
INFO: [VRFC 10-311] analyzing module axi_register_slice_v2_1_31_axic_register_slice__parameterized2_74
INFO: [VRFC 10-311] analyzing module axi_register_slice_v2_1_31_axic_register_slice__parameterized2_76
INFO: [VRFC 10-311] analyzing module axi_register_slice_v2_1_31_axic_register_slice__parameterized2_78
INFO: [VRFC 10-311] analyzing module axi_register_slice_v2_1_31_axic_register_slice__parameterized2_80
INFO: [VRFC 10-311] analyzing module axi_register_slice_v2_1_31_axic_register_slice__parameterized9
INFO: [VRFC 10-311] analyzing module axi_register_slice_v2_1_31_axic_register_slice__parameterized9_65
INFO: [VRFC 10-311] analyzing module axi_register_slice_v2_1_31_axic_register_slice__parameterized9_67
INFO: [VRFC 10-311] analyzing module axi_register_slice_v2_1_31_axic_register_slice__parameterized9_69
INFO: [VRFC 10-311] analyzing module axi_register_slice_v2_1_31_axic_register_slice__parameterized9_71
INFO: [VRFC 10-311] analyzing module axi_register_slice_v2_1_31_axic_register_slice__parameterized9_73
INFO: [VRFC 10-311] analyzing module axi_register_slice_v2_1_31_axic_register_slice__parameterized9_75
INFO: [VRFC 10-311] analyzing module axi_register_slice_v2_1_31_axic_register_slice__parameterized9_77
INFO: [VRFC 10-311] analyzing module axi_register_slice_v2_1_31_axic_register_slice__parameterized9_79
INFO: [VRFC 10-311] analyzing module axis_red_pitaya_adc
INFO: [VRFC 10-311] analyzing module axis_red_pitaya_dac
INFO: [VRFC 10-311] analyzing module cdc_sync
INFO: [VRFC 10-311] analyzing module cdc_sync_81
INFO: [VRFC 10-311] analyzing module cdc_sync_84
INFO: [VRFC 10-311] analyzing module cdc_sync_85
INFO: [VRFC 10-311] analyzing module cdc_sync_90
INFO: [VRFC 10-311] analyzing module cdc_sync_91
INFO: [VRFC 10-311] analyzing module dac_imp_10A61H2
INFO: [VRFC 10-311] analyzing module generic_baseblocks_v2_1_2_mux_enc
INFO: [VRFC 10-311] analyzing module generic_baseblocks_v2_1_2_mux_enc__parameterized0
INFO: [VRFC 10-311] analyzing module iir2nd_imp_ETYQWW
INFO: [VRFC 10-311] analyzing module iir_filter_2nd_order
INFO: [VRFC 10-311] analyzing module lpf
INFO: [VRFC 10-311] analyzing module m00_couplers_imp_1Q18GCT
INFO: [VRFC 10-311] analyzing module m01_couplers_imp_VMJT5O
INFO: [VRFC 10-311] analyzing module m02_couplers_imp_OH0KHA
INFO: [VRFC 10-311] analyzing module proc_sys_reset
INFO: [VRFC 10-311] analyzing module processing_system7_v5_5_processing_system7
INFO: [VRFC 10-311] analyzing module s00_couplers_imp_1SEIN30
INFO: [VRFC 10-311] analyzing module sequence_psr
INFO: [VRFC 10-311] analyzing module slave_attachment
INFO: [VRFC 10-311] analyzing module slave_attachment_86
INFO: [VRFC 10-311] analyzing module slave_attachment_92
INFO: [VRFC 10-311] analyzing module soc_imp_QM05TO
INFO: [VRFC 10-311] analyzing module system
INFO: [VRFC 10-311] analyzing module system_adc_0_0
INFO: [VRFC 10-311] analyzing module system_auto_pc_0
INFO: [VRFC 10-311] analyzing module system_auto_pc_1
INFO: [VRFC 10-311] analyzing module system_auto_pc_2
INFO: [VRFC 10-311] analyzing module system_auto_pc_3
INFO: [VRFC 10-311] analyzing module system_axi_gpio_0_0
INFO: [VRFC 10-311] analyzing module system_axi_gpio_0_1
INFO: [VRFC 10-311] analyzing module system_axi_gpio_0_2
INFO: [VRFC 10-311] analyzing module system_axi_interconnect_0_0
INFO: [VRFC 10-311] analyzing module system_dac_0_0
INFO: [VRFC 10-311] analyzing module system_iir_filter_2nd_order_0_0
INFO: [VRFC 10-311] analyzing module system_pll_0_0
INFO: [VRFC 10-311] analyzing module system_pll_0_0_clk_wiz
INFO: [VRFC 10-311] analyzing module system_ps_0_0
INFO: [VRFC 10-311] analyzing module system_rst_0_0
INFO: [VRFC 10-311] analyzing module system_wrapper
INFO: [VRFC 10-311] analyzing module system_xbar_0
INFO: [VRFC 10-311] analyzing module system_xlconcat_0_0
INFO: [VRFC 10-311] analyzing module system_xlslice_0_0
INFO: [VRFC 10-311] analyzing module system_xlslice_1_0
INFO: [VRFC 10-311] analyzing module upcnt_n
INFO: [VRFC 10-311] analyzing module glbl
