Copyright 1986-2022 Xilinx, Inc. All Rights Reserved. Copyright 2022-2024 Advanced Micro Devices, Inc. All Rights Reserved.
----------------------------------------------------------------------------------------------------------------------------------------------------------------
| Tool Version     : Vivado v.2024.1 (win64) Build 5076996 Wed May 22 18:37:14 MDT 2024
| Date             : Wed Feb 26 11:53:08 2025
| Host             : PHY-GXBK running 64-bit major release  (build 9200)
| Command          : report_power -file system_wrapper_power_routed.rpt -pb system_wrapper_power_summary_routed.pb -rpx system_wrapper_power_routed.rpx
| Design           : system_wrapper
| Device           : xc7z010clg400-1
| Design State     : routed
| Grade            : commercial
| Process          : typical
| Characterization : Production
----------------------------------------------------------------------------------------------------------------------------------------------------------------

Power Report

Table of Contents
-----------------
1. Summary
1.1 On-Chip Components
1.2 Power Supply Summary
1.3 Confidence Level
2. Settings
2.1 Environment
2.2 Clock Constraints
3. Detailed Reports
3.1 By Hierarchy

1. Summary
----------

+--------------------------+--------------+
| Total On-Chip Power (W)  | 1.879        |
| Design Power Budget (W)  | Unspecified* |
| Power Budget Margin (W)  | NA           |
| Dynamic (W)              | 1.751        |
| Device Static (W)        | 0.128        |
| Effective TJA (C/W)      | 11.5         |
| Max Ambient (C)          | 63.3         |
| Junction Temperature (C) | 46.7         |
| Confidence Level         | Low          |
| Setting File             | ---          |
| Simulation Activity File | ---          |
| Design Nets Matched      | NA           |
+--------------------------+--------------+
* Specify Design Power Budget using, set_operating_conditions -design_power_budget <value in Watts>


1.1 On-Chip Components
----------------------

+-------------------------+-----------+----------+-----------+-----------------+
| On-Chip                 | Power (W) | Used     | Available | Utilization (%) |
+-------------------------+-----------+----------+-----------+-----------------+
| Clocks                  |     0.026 |        8 |       --- |             --- |
| Slice Logic             |     0.008 |     8336 |       --- |             --- |
|   LUT as Logic          |     0.007 |     2889 |     17600 |           16.41 |
|   CARRY4                |    <0.001 |      118 |      4400 |            2.68 |
|   Register              |    <0.001 |     4589 |     35200 |           13.04 |
|   F7/F8 Muxes           |    <0.001 |      116 |     17600 |            0.66 |
|   LUT as Shift Register |    <0.001 |      139 |      6000 |            2.32 |
|   Others                |     0.000 |      354 |       --- |             --- |
| Signals                 |     0.014 |     6531 |       --- |             --- |
| PLL                     |     0.102 |        1 |         2 |           50.00 |
| DSPs                    |     0.006 |        5 |        80 |            6.25 |
| I/O                     |     0.320 |       63 |       100 |           63.00 |
| PS7                     |     1.275 |        1 |       --- |             --- |
| Static Power            |     0.128 |          |           |                 |
| Total                   |     1.879 |          |           |                 |
+-------------------------+-----------+----------+-----------+-----------------+


1.2 Power Supply Summary
------------------------

+-----------+-------------+-----------+-------------+------------+-------------+-------------+------------+
| Source    | Voltage (V) | Total (A) | Dynamic (A) | Static (A) | Powerup (A) | Budget (A)  | Margin (A) |
+-----------+-------------+-----------+-------------+------------+-------------+-------------+------------+
| Vccint    |       1.000 |     0.074 |       0.066 |      0.008 |       NA    | Unspecified | NA         |
| Vccaux    |       1.800 |     0.066 |       0.058 |      0.009 |       NA    | Unspecified | NA         |
| Vcco33    |       3.300 |     0.094 |       0.093 |      0.001 |       NA    | Unspecified | NA         |
| Vcco25    |       2.500 |     0.000 |       0.000 |      0.000 |       NA    | Unspecified | NA         |
| Vcco18    |       1.800 |     0.000 |       0.000 |      0.000 |       NA    | Unspecified | NA         |
| Vcco15    |       1.500 |     0.000 |       0.000 |      0.000 |       NA    | Unspecified | NA         |
| Vcco135   |       1.350 |     0.000 |       0.000 |      0.000 |       NA    | Unspecified | NA         |
| Vcco12    |       1.200 |     0.000 |       0.000 |      0.000 |       NA    | Unspecified | NA         |
| Vccaux_io |       1.800 |     0.000 |       0.000 |      0.000 |       NA    | Unspecified | NA         |
| Vccbram   |       1.000 |     0.000 |       0.000 |      0.000 |       NA    | Unspecified | NA         |
| MGTAVcc   |       1.000 |     0.000 |       0.000 |      0.000 |       NA    | Unspecified | NA         |
| MGTAVtt   |       1.200 |     0.000 |       0.000 |      0.000 |       NA    | Unspecified | NA         |
| MGTVccaux |       1.800 |     0.000 |       0.000 |      0.000 |       NA    | Unspecified | NA         |
| Vccpint   |       1.000 |     0.696 |       0.663 |      0.032 |       NA    | Unspecified | NA         |
| Vccpaux   |       1.800 |     0.037 |       0.027 |      0.010 |       NA    | Unspecified | NA         |
| Vccpll    |       1.800 |     0.017 |       0.014 |      0.003 |       NA    | Unspecified | NA         |
| Vcco_ddr  |       1.500 |     0.356 |       0.354 |      0.002 |       NA    | Unspecified | NA         |
| Vcco_mio0 |       3.300 |     0.001 |       0.000 |      0.001 |       NA    | Unspecified | NA         |
| Vcco_mio1 |       2.500 |     0.003 |       0.002 |      0.001 |       NA    | Unspecified | NA         |
| Vccadc    |       1.800 |     0.020 |       0.000 |      0.020 |       NA    | Unspecified | NA         |
+-----------+-------------+-----------+-------------+------------+-------------+-------------+------------+


1.3 Confidence Level
--------------------

+-----------------------------+------------+--------------------------------------------------------+------------------------------------------------------------------------------------------------------------+
| User Input Data             | Confidence | Details                                                | Action                                                                                                     |
+-----------------------------+------------+--------------------------------------------------------+------------------------------------------------------------------------------------------------------------+
| Design implementation state | High       | Design is routed                                       |                                                                                                            |
| Clock nodes activity        | High       | User specified more than 95% of clocks                 |                                                                                                            |
| I/O nodes activity          | Low        | More than 75% of inputs are missing user specification | Provide missing input activity with simulation results or by editing the "By Resource Type -> I/Os" view   |
| Internal nodes activity     | Medium     | User specified less than 25% of internal nodes         | Provide missing internal nodes activity with simulation results or by editing the "By Resource Type" views |
| Device models               | High       | Device models are Production                           |                                                                                                            |
|                             |            |                                                        |                                                                                                            |
| Overall confidence level    | Low        |                                                        |                                                                                                            |
+-----------------------------+------------+--------------------------------------------------------+------------------------------------------------------------------------------------------------------------+


2. Settings
-----------

2.1 Environment
---------------

+-----------------------+------------------------+
| Ambient Temp (C)      | 25.0                   |
| ThetaJA (C/W)         | 11.5                   |
| Airflow (LFM)         | 250                    |
| Heat Sink             | none                   |
| ThetaSA (C/W)         | 0.0                    |
| Board Selection       | medium (10"x10")       |
| # of Board Layers     | 8to11 (8 to 11 Layers) |
| Board Temperature (C) | 25.0                   |
+-----------------------+------------------------+


2.2 Clock Constraints
---------------------

+-------------------------+---------------------------------------------+-----------------+
| Clock                   | Domain                                      | Constraint (ns) |
+-------------------------+---------------------------------------------+-----------------+
| adc_clk_p_i             | adc_clk_p_i                                 |             8.0 |
| clk_out1_system_pll_0_0 | system_i/pll_0/inst/clk_out1_system_pll_0_0 |             8.0 |
| clk_out2_system_pll_0_0 | system_i/pll_0/inst/clk_out2_system_pll_0_0 |             4.0 |
| clk_out3_system_pll_0_0 | system_i/pll_0/inst/clk_out3_system_pll_0_0 |             4.0 |
| clkfbout_system_pll_0_0 | system_i/pll_0/inst/clkfbout_system_pll_0_0 |             8.0 |
+-------------------------+---------------------------------------------+-----------------+


3. Detailed Reports
-------------------

3.1 By Hierarchy
----------------

+------------------------------+-----------+
| Name                         | Power (W) |
+------------------------------+-----------+
| system_wrapper               |     1.751 |
|   system_i                   |     1.434 |
|     dac                      |     0.004 |
|       dac_0                  |     0.004 |
|     iir2nd                   |     0.026 |
|       axi_gpio_0             |     0.004 |
|       axi_gpio_1             |     0.004 |
|       axi_gpio_2             |     0.004 |
|       iir_filter_2nd_order_0 |     0.015 |
|     pll_0                    |     0.103 |
|       inst                   |     0.103 |
|     soc                      |     1.300 |
|       axi_interconnect_0     |     0.024 |
|       ps_0                   |     1.276 |
+------------------------------+-----------+


